0 verbose cli /data/data/com.termux/files/usr/bin/node /data/data/com.termux/files/usr/bin/npm
1 info using npm@11.15.0
2 info using node@v26.1.0
3 silly config load:file:/data/data/com.termux/files/usr/lib/node_modules/npm/npmrc
4 silly config load:file:/data/data/com.termux/files/home/.npmrc
5 silly config load:file:/data/data/com.termux/files/usr/etc/npmrc
6 verbose title npm uninstall localtunnel
7 verbose argv "uninstall" "--global" "localtunnel"
8 verbose logfile logs-max:10 dir:/data/data/com.termux/files/home/.npm/_logs/2026-05-22T14_58_14_504Z-
9 verbose logfile /data/data/com.termux/files/home/.npm/_logs/2026-05-22T14_58_14_504Z-debug-0.log
10 silly packumentCache heap:1084227584 maxSize:271056896 maxEntrySize:135528448
11 silly logfile done cleaning log files
12 silly idealTree buildDeps
13 silly reify moves {}
14 verbose cwd /data/data/com.termux/files/home
15 verbose os Linux 4.19.188-25461540-abA125MUBS6CXJ1
16 verbose node v26.1.0
17 verbose npm  v11.15.0
18 verbose exit 0
19 info ok
